2025-03-19 20:19:04.416 | INFO     | __main__:main:41 - STARTING logger.py
2025-03-19 20:19:04.417 | INFO     | __main__:log_example:34 - This is an example info message.
2025-03-19 20:19:04.417 | WARNING  | __main__:log_example:35 - This is an example warning message.
2025-03-19 20:19:04.417 | ERROR    | __main__:log_example:36 - This is an example error message.
2025-03-19 20:19:04.418 | INFO     | __main__:main:46 - View the log output at C:\Projects\smart-store-derekfintel\logs\project_log.log
2025-03-19 20:19:04.418 | INFO     | __main__:main:47 - EXITING logger.py.
2025-03-19 20:19:09.379 | INFO     | __main__:main:42 - Starting data preparation...
2025-03-19 20:19:09.381 | INFO     | __main__:read_raw_data:27 - Reading raw data from C:\Projects\smart-store-derekfintel\data\raw\customers_data.csv.
2025-03-19 20:19:09.382 | ERROR    | __main__:read_raw_data:30 - File not found: C:\Projects\smart-store-derekfintel\data\raw\customers_data.csv
2025-03-19 20:19:09.383 | INFO     | __main__:read_raw_data:27 - Reading raw data from C:\Projects\smart-store-derekfintel\data\raw\products_data.csv.
2025-03-19 20:19:09.383 | ERROR    | __main__:read_raw_data:30 - File not found: C:\Projects\smart-store-derekfintel\data\raw\products_data.csv
2025-03-19 20:19:09.384 | INFO     | __main__:read_raw_data:27 - Reading raw data from C:\Projects\smart-store-derekfintel\data\raw\sales_data.csv.
2025-03-19 20:19:09.384 | ERROR    | __main__:read_raw_data:30 - File not found: C:\Projects\smart-store-derekfintel\data\raw\sales_data.csv
2025-03-19 20:19:09.385 | INFO     | __main__:main:46 - Data preparation complete.
2025-03-19 20:30:37.346 | INFO     | __main__:main:42 - Starting data preparation...
2025-03-19 20:30:37.347 | INFO     | __main__:read_raw_data:27 - Reading raw data from C:\Projects\smart-store-derekfintel\data\raw\customers_data.csv.
2025-03-19 20:30:37.350 | INFO     | __main__:read_raw_data:27 - Reading raw data from C:\Projects\smart-store-derekfintel\data\raw\products_data.csv.
2025-03-19 20:30:37.354 | INFO     | __main__:read_raw_data:27 - Reading raw data from C:\Projects\smart-store-derekfintel\data\raw\sales_data.csv.
2025-03-19 20:30:37.359 | INFO     | __main__:main:46 - Data preparation complete.
2025-03-19 20:30:47.026 | INFO     | __main__:main:41 - STARTING logger.py
2025-03-19 20:30:47.026 | INFO     | __main__:log_example:34 - This is an example info message.
2025-03-19 20:30:47.027 | WARNING  | __main__:log_example:35 - This is an example warning message.
2025-03-19 20:30:47.027 | ERROR    | __main__:log_example:36 - This is an example error message.
2025-03-19 20:30:47.027 | INFO     | __main__:main:46 - View the log output at C:\Projects\smart-store-derekfintel\logs\project_log.log
2025-03-19 20:30:47.027 | INFO     | __main__:main:47 - EXITING logger.py.
2025-03-25 19:03:57.889 | INFO     | __main__:main:41 - STARTING logger.py
2025-03-25 19:03:57.890 | INFO     | __main__:log_example:34 - This is an example info message.
2025-03-25 19:03:57.890 | WARNING  | __main__:log_example:35 - This is an example warning message.
2025-03-25 19:03:57.891 | ERROR    | __main__:log_example:36 - This is an example error message.
2025-03-25 19:03:57.891 | INFO     | __main__:main:46 - View the log output at C:\Projects\smart-store-derekfintel\logs\project_log.log
2025-03-25 19:03:57.891 | INFO     | __main__:main:47 - EXITING logger.py.
2025-03-25 19:04:02.263 | INFO     | __main__:<module>:40 - Logging to file: logs\project_log.log
2025-03-25 19:04:02.263 | INFO     | __main__:main:62 - STARTING utils_logger.py
2025-03-25 19:04:02.264 | INFO     | __main__:log_example:53 - This is an example info message.
2025-03-25 19:04:02.264 | WARNING  | __main__:log_example:54 - This is an example warning message.
2025-03-25 19:04:02.265 | ERROR    | __main__:log_example:55 - This is an example error message.
2025-03-25 19:04:02.265 | INFO     | __main__:main:67 - View the log output at logs\project_log.log
2025-03-25 19:04:02.266 | INFO     | __main__:main:68 - EXITING utils_logger.py.
2025-03-25 19:29:10.415 | INFO     | __main__:main:42 - Starting data preparation...
2025-03-25 19:29:10.416 | INFO     | __main__:read_raw_data:27 - Reading raw data from C:\Projects\smart-store-derekfintel\data\raw\customers_data.csv.
2025-03-25 19:29:10.424 | INFO     | __main__:read_raw_data:27 - Reading raw data from C:\Projects\smart-store-derekfintel\data\raw\products_data.csv.
2025-03-25 19:29:10.427 | INFO     | __main__:read_raw_data:27 - Reading raw data from C:\Projects\smart-store-derekfintel\data\raw\sales_data.csv.
2025-03-25 19:29:10.428 | INFO     | __main__:main:46 - Data preparation complete.
